<?xml version="1.0" encoding="UTF-8"?>
<!-- Generated by org.testng.reporters.JUnitReportReporter -->
<testsuite hostname="DESKTOP-MGUTKMH" failures="0" tests="3" name="com.comcast.crm.contacttest.CreateContactTest" time="53.480" errors="0" timestamp="20 Aug 2024 09:54:49 GMT" skipped="0">
  <testcase classname="com.comcast.crm.contacttest.CreateContactTest" name="createContactWithSupportDateTest" time="13.819"/>
  <testcase classname="com.comcast.crm.contacttest.CreateContactTest" name="createContactWithOrgTest" time="23.437"/>
  <testcase classname="com.comcast.crm.contacttest.CreateContactTest" name="createContactTest" time="16.224"/>
</testsuite> <!-- com.comcast.crm.contacttest.CreateContactTest -->
