<?xml version="1.0" encoding="UTF-8"?>
<!-- Generated by org.testng.reporters.JUnitReportReporter -->
<testsuite hostname="DESKTOP-MGUTKMH" failures="0" tests="3" name="com.comcast.crm.orgtest.CreateOrganizationTest" time="67.918" errors="0" timestamp="21 Aug 2024 13:13:04 GMT" skipped="0">
  <testcase classname="com.comcast.crm.orgtest.CreateOrganizationTest" name="createOrganizationTest" time="21.729"/>
  <testcase classname="com.comcast.crm.orgtest.CreateOrganizationTest" name="createOrgWithIndustryAndTypeTest" time="24.770"/>
  <testcase classname="com.comcast.crm.orgtest.CreateOrganizationTest" name="createOrgWithPhoneNumTest" time="21.419"/>
</testsuite> <!-- com.comcast.crm.orgtest.CreateOrganizationTest -->
